[  000000]nitialin cgrp ubs puse
[   00000 Itialin cgroupubys c
    00000]niialingcgro sbsyspucct
  0.0000 Lin vrson.40-116-generic buldlg1-am4-1) (c erson.40 20069 (Ubuntu 4.0-bunt~16.4.9) ) #140-Ubunu MP M Feb2 11::0UTC 208 butu.4-11640genec .4.9
    .0000]omnd le:OOT_AG=/otvmin-44.0-11ggenicrootABL=cldig-root r conlett csole=yS0
[  .0000]KERNL pporedpu:
[  .00000  InteGeuinete
[  0.00000]   MDuthntcAMD[   .00000  enta Cntauaus
[  000000]86fpu:statofet[2: 76, ta_siz[2:  26[   0.0000 x86pu SuppoinXSAVfeate 0x: x87 floating point reisters'
[    0.000000] x86/fpu: upportig XSAVEeaure 0x02: 'SSE registers'
[    0.000000] x86/fpu: Supporting XSAVE feature 0x04: 'AVX registers'
[    0.000000] x86/fpu: Enabled xstate features 0x7, context size i83  byesusing 'stadad' ormat.
[    0.000000] x86/fpu: Using 'lazy' FPU context switches.
[    0.000000] e820: BIOS-provided physical RAM map:
[    0.000000] BIOS-e820: [mem 0x000000000000000-0x000000000009fbff] usable
[    0.000000] BIOS-e820: [mem 0x000000000009fc00-0x0000000009ffff] reserved
[    0.0000]BIOS-e820: [mem x000000000f0000-0x00000000000fffff] reserved
[    0.000000] BIOS-e820: [mem 0x0000000000100000-0x000000003ffeffff] usable
[    0.000000] BIOS-e820: [mem 0x000000003fff0000-0x000000003ffffff]AC data[   0.000000 BS-820:[m 0x00000fec00000-0x00000000fec00ff] resrvd
[   0.0000 BS-820:[m 0x00000000fee00000-0x00000000fee00fff] reserved
[   0.0000] BIOS-e820: [mem 0x00000000fffc0000-0x00000000fffffff]reerved[  0.000000]X Execteisabe) protection: active
[    0.000000] SMBIOS 2.5 pesnt.[   0.0000 Hypervisor detected: KVM
[    0.000000] e820: last_pfn = 0x3fff0 x_rc_pfn= 400000
[   000000] MTRR: isled
[    0.000000] 86PA: MTRRs disabledskppinPA iitlization too.
[    0.000000] CPU MTRRs all blank - virtualized system.
[    0.000000] x86/PAT: Cnfuration [0-7]: WB  WT  UC- UC  WB  WT  UC- C 
[    00000] found SMP MP-table at [mem 0x0009fff0-0x0009ffff] mapped a [ffff88000009fff0]
[    0.000000] Scanning 1 areas for low memory corruption
[    0.000000] RAMDISK: [mem 0x36ac2000-0x7558fff]
[    0.000000] ACPI: Early table checksum verification disabled
[    0.000000] ACPI: RSDP 0x000000000E0000 000024 (v02 VBOX  )
[   0.000000] ACPI: XSDT 0x000000003FFF0030 00003C (v01 VBOX   VBOXXSDT 00000001 ASL  00000061)
[    0.000000] ACPI: FACP 0x00000003FFF00F0 0000F4 (v04 VBOX   VBOXFACP 00000001 ASL  00000061)
[    0.000000] ACPI: DSDT 0x000000003FFF0470 0021FF (v02 VBOX   VBOXBIOS 00000002 INTL 20100528)
[    0.000000] ACPI: FACS 0x00000003FF200 000040
[    0.000000] ACPI: FACS 0x000000003FFF0200 0040
[    0.000000] ACPI: APIC 0x000000003FFF0240 00005C (v02 VBOX   VBOXAPIC 00000001 ASL  00000061)
[    0.000000] ACPI: SSDT 0x000000003FFF02A0 0001CC (v01 VBOX   VBOXCPUT 00000002 INTL 20100528)
[    0.000000] No NMAconfiguration foud
[    0.000000] Faking a node at [mem 0x0000000000000000-0x000000003ffeffff]
[    0.000000] NODE_DATA(0) allocated [mem 0x3ffeb000-0xffeffff]
[    0.000000] kvm-clok:Usng msrs 4b564d01 and 4b564d00
[    0.0000 kvm-clock: cpu 0, msr 0:3ffe3001, primary cpuclk
[   000000kv-clok: usin sched fft of54902089cycle
    .0000] cocourc: vmclock: mask: 0xffffffffffffff mx_cycles:0xcd2e4db, max_ilens 8595914 n
[    0.000000] Zone ranges:
[   .00000]   DMA      [mem 0x000000000001000-0x0000000000ffffff
    0.000000]   DMA32    [mem 0x0000000001000000-0x000000003ffeffff]
[    0.000000]   Normal   empty
[    0.000000]   Device   empty
[    0.000000] Movalezoe sta f eac ne
[   000000] Ear memry ndeanes
[  .000000]   node   0: [mem 0x000000010-0x000000009ff
    .000]  node   0: [mem 0x0000000000100000-0x00000000fffff]
[    0.000000] Initmem setup node 0 [mem 0x0000000000100-000000003ffeffff]
[    0.000000] ACPI: PM-Timer IO Pot:0x4008
[    0.000000] IOAPIC[0] ac_d 2, version 32,adres 0xc000, SI-23
[    0.000000] ACPI: INT_SRC_OVR (bus 0 bus_ir 0glbal_ir 2fl dfl)
  0.0000 AI: IT_C_OVR (bus 0buirq  gba_irq 9 low ev)
[  0000000] Using ACPI (MADT) for SMP configuration nfmatin    .0000] sbot: Allowg 2 CPUs, 0 hotplug CPUs
[    0.000] P: egisered nosave memory:[mem 0x00000000-0x00000fff][    0.000000] PM: Rgistred nosave memory: [mem 0x0009f000-0x0009ff]
[   0.00000] PM: Regisre nosveemor [m 0x00000-x000ff]
[    0.000000] PM: Registered nosae mory [em0x0000-0x0ffff]
[    00000]e820: [mem 0x40000000-0xfebfffff] available for PCI devices
[    0.000000] Booting parairualize krneln VM
   0000000] clocksource: refined-jiffies: mask 0xffffff max_ccl: xffffffff, max_idle_ns: 7645519001156 n
[    0.000000] setup_percpu: NR_CPUS:512 nr_cumask_bits:512 nr_cpu_ids:2 nr_nodid:1
[    0.000000] PERCPU: Embedded 34 pages/cpu @ffff88003fc00000 s99544 81 d1528 10856
[  00000]  qspinlock hash table entries: 256 (order: 0, 4096 bytes)
[    0.000000] Built 1 zonelists in Node order, mobility grouping on.  Total pages: 257913
[    0.000000] Policy zone: DMA32[   0.00000Kene cmmd lie:OO_IMAGE/bt/mlinuz-4.4.0-116-generic root=LABEL=cloudimg-rootfs ro consol=t1 cosoe=ty0
[    0.000000] PID hash table entries: 4096 (order: 3, 32768 bytes)
[    0.000000] Memory: 1001688K/1081K vaille(830K kerelcod, 139K rwdta 3992K rodata,15K nit, 1316K bss, 462Kreseve, K ma-reservd)
[    0.000] LUB:HWlin=64, Order=0-3, MinObjects=0, CPUs=2, Nodes=1
[    0.000000] Kernel/Ur age abs solatonenabed[   0.0000] Herchicl U mplementation.
[   000000 	il-time jutment olef fanut t 6.
[   0.0000 	CU restricting CPUs from NR_CPUS=512 to nr_cpu_ids=2.
[    0.000000] RCU: Adjusting geometry fr cufaout_lef=, r_cp_is=
[   00000]NRRQS:30 n_irq:40 6
[    0.000000] Console: colour VGA+80x25
[    0.000000] console [tty1] enabled
[    0.000000] console [ttyS0] enabled
[    0.00000] sc: Detected 2790.946 MHz processor
[   14.035375] Calibrating delay loop (skipped) preset value.. 5581.89 BogoMIPS (lpj=11163784)
[   14.155234] pid_max: default: 32768 minimum: 301
[   14.195060] ACPI: Core revision 20150930
[   14.221635] ACPI: 2 ACPI AML tables successfully acquired and loaded
[   14.343299] Security Framework initialized
[   14.399493] Yama: becoming mindful.
[   14.455581] AppArmor: AppArmor initialized
[   14.495975] Dentry cache hash table entries: 131072 (order: 8, 1048576 bytes)
[   14.508817] Inode-cache hash table entries: 65536 (order: 7, 524288 bytes)
[   14.527632] Mount-cache hash table entries: 2048 (order: 2, 16384 bytes)
[   14.649364] Mountpoint-cache hash table entries: 2048 (order: 2, 16384 bytes)
[   14.673044] Initializing cgroup subsys io
[   14.675699] Initializing cgroup subsys memory
[   14.684577] Initializing cgroup subsys devices
[   14.693393] Initializing cgroup subsys freezer
[   14.728096] Initializing cgroup subsys net_cls
[   14.787169] Initializing cgroup subsys perf_event
[   14.827605] Initializing cgroup subsys net_prio
[   14.854902] Initializing cgroup subsys hugetlb
[   14.8556] Initializing cgroup subsys pids
[   14.959949] CPU: Physical Processor ID: 0
[   14.976461] CPU: Processor Core ID: 0
[   14.977495] FEATURE SPEC_CTRL Not Present
[   15.012092] mce: CPU supports 0 MCE banks
[   15.012943] Last level iTLB entries: 4KB 512, 2MB 8, 4MB 8
[   15.013981] Last level dTLB entries: 4KB 512, 2MB 32, 4MB 32, 1GB 0
[   15.040334] Spectre V2 mitigation: Mitigation: Full generic retpoline
[   15.160002] Spectre V2 mitigation: Speculation control IBPB not-supported IBRS not-supported
[   15.164771] Freeing SMP alternatives memory: 32K
[   15.186415] ftrace: allocating 32186 entries in 126 pages
[   15.303035] smpboot: APIC(0) Converting physical 0 to logical package 0
[   15.395280] smpboot: Max logical packages: 1
[   15.422201] x2apic enabled
[   15.424352] Switched APIC routing to physical x2apic.
[   15.430192] ..TIMER: vector=0x30 apic1=0 pin1=2 apic2=-1 pin2=-1
[   15.547183] smpboot: CPU0: Intel(R) Core(TM) i7-2640M CPU @ 2.80GHz (family: 0x6, model: 0x2a, stepping: 0x7)
[   15.642818] Performance Events: unsupported p6 CPU model 42 no PMU driver, software events only.
[   15.670198] KVM setup paravirtual spinlock
[   15.693370] x86: Booting SMP configuration:
[   15.733446] .... node  #0, CPUs:      #1
[   15.795737] kvm-clock: cpu 1, msr 0:3ffe3041, secondary cpu clock
[   15.810847] mce: CPU supports 0 MCE banks
[   15.815338] x86: Booted up 1 node, 2 CPUs
[   15.867276] smpboot: Total of 2 processors activated (11163.78 BogoMIPS)
[   15.912460] devtmpfs: initialized
[   15.966067] evm: security.selinux
[   15.988940] evm: security.SMACK64
[   16.042806] evm: security.SMACK64EXEC
[   16.121929] evm: security.SMACK64TRANSMUTE
[   16.169527] evm: security.SMACK64MMAP
[   16.172635] evm: security.ima
[   16.195197] evm: security.capability
[   16.197074] clocksource: jiffies: mask: 0xffffffff max_cycles: 0xffffffff, max_idle_ns: 7645041785100000 ns
[   16.296926] futex hash table entries: 512 (order: 3, 32768 bytes)
[   16.298692] pinctrl core: initialized pinctrl subsystem
[   16.300076] RTC time: 22:28:19, date: 03/23/18
[   16.355908] NET: Registered protocol family 16
[   16.423909] cpuidle: using governor ladder
[   16.456401] cpuidle: using governor menu
[   16.493879] PCCT header not found.
[   16.546780] ACPI: bus type PCI registered
[   16.577898] acpiphp: ACPI Hot Plug PCI Controller Driver version: 0.5
[   16.674157] PCI: Using configuration type 1 for base access
[   16.697142] ACPI: Added _OSI(Module Device)
[   16.776698] ACPI: Added _OSI(Processor Device)
[   16.832382] ACPI: Added _OSI(3.0 _SCP Extensions)
[   16.868680] ACPI: Added _OSI(Processor Aggregator Device)
[   16.881608] ACPI: Executed 1 blocks of module-level executable AML code
[   16.970447] ACPI: Interpreter enabled
[   16.986288] ACPI: (supports S0 S5)
[   17.008469] ACPI: Using IOAPIC for interrupt routing
[   17.021055] PCI: Using host bridge windows from ACPI; if necessary, use "pci=nocrs" and report a bug
[   17.068608] ACPI: PCI Root Bridge [PCI0] (domain 0000 [bus 00-ff])
[   17.089685] acpi PNP0A03:00: _OSC: OS supports [ASPM ClockPM Segments MSI]
[   17.101072] acpi PNP0A03:00: _OSC: not requesting OS control; OS requires [ExtendedConfig ASPM ClockPM MSI]
[   17.133736] acpi PNP0A03:00: fail to add MMCONFIG information, can't access extended PCI configuration space under this bridge.
[   17.191884] PCI host bridge to bus 0000:00
[   17.229520] pci_bus 0000:00: root bus resource [io  0x0000-0x0cf7 window]
[   17.254327] pci_bus 0000:00: root bus resource [io  0x0d00-0xffff window]
[   17.273460] pci_bus 0000:00: root bus resource [mem 0x000a0000-0x000bffff window]
[   17.316432] pci_bus 0000:00: root bus resource [mem 0x40000000-0xfdffffff window]
[   17.360414] pci_bus 0000:00: root bus resource [bus 00-ff]
[   17.386959] pci 0000:00:01.1: legacy IDE quirk: reg 0x10: [io  0x01f0-0x01f7]
[   17.425828] pci 0000:00:01.1: legacy IDE quirk: reg 0x14: [io  0x03f6]
[   17.457175] pci 0000:00:01.1: legacy IDE quirk: reg 0x18: [io  0x0170-0x0177]
[   17.491537] pci 0000:00:01.1: legacy IDE quirk: reg 0x1c: [io  0x0376]
[   17.564013] pci 0000:00:07.0: quirk: [io  0x4000-0x403f] claimed by PIIX4 ACPI
[   17.595833] pci 0000:00:07.0: quirk: [io  0x4100-0x410f] claimed by PIIX4 SMB
[   17.617865] ACPI: PCI Interrupt Link [LNKA] (IRQs 5 9 10 *11)
[   17.635316] ACPI: PCI Interrupt Link [LNKB] (IRQs 5 9 *10 11)
[   17.668095] ACPI: PCI Interrupt Link [LNKC] (IRQs 5 *9 10 11)
[   17.677243] ACPI: PCI Interrupt Link [LNKD] (IRQs 5 9 10 *11)
[   17.689332] ACPI: Enabled 2 GPEs in block 00 to 07
[   17.721227] vgaarb: setting as boot device: PCI:0000:00:02.0
[   17.756939] vgaarb: device added: PCI:0000:00:02.0,decodes=io+mem,owns=io+mem,locks=none
[   17.777839] vgaarb: loaded
[   17.780950] vgaarb: bridge control possible 0000:00:02.0
[   17.806656] SCSI subsystem initialized
[   17.821898] ACPI: bus type USB registered
[   17.824500] usbcore: registered new interface driver usbfs
[   17.895047] usbcore: registered new interface driver hub
[   17.929684] usbcore: registered new device driver usb
[   17.954243] PCI: Using ACPI for IRQ routing
[   17.966333] NetLabel: Initializing
[   17.996659] NetLabel:  domain hash size = 128
[   18.016384] NetLabel:  protocols = UNLABELED CIPSOv4
[   18.046959] NetLabel:  unlabeled traffic allowed by default
[   18.095645] amd_nb: Cannot enumerate AMD northbridges
[   18.169706] clocksource: Switched to clocksource kvm-clock
[   8.44] pprmr:ppArmor Filesystem Enabled
[   18.4728] np PP CP iit[ 18603]npPnACI:fod  dvies
[   19.284914] clocksource: acpi_pm: mask: 0xffffff max_cycles: 0xffffff, max_idle_ns: 2085701024 ns
[   19.356907] NET: Registered protocol family 2
[   19.385250] TCP established hash table entries: 8192 (order: 4, 65536 bytes)
[   19.427004] TCP bind hash table entries: 8192 (order: 5, 131072 bytes)
[   19.431341] TCP: Hash tables configured (established 8192 bind 8192)
[   19.451822] UDP hash table entries: 512 (order: 2, 16384 bytes)
[   19.456764] UDP-Lite hash table entries: 512 (order: 2, 16384 bytes)
[   19.465119] NET: Registered protocol family 1
[   19.468204] pci 0000:00:00.0: Limiting direct PCI/PCI transfers
[   19.470327] pci 0000:00:01.0: Activating ISA DMA hang workarounds
[   19.472260] Unpacking initramfs...
[   21.709234] Freeing initrd memory: 10844K
[   21.753748] RAPL PMU detected, API unit is 2^-32 Joules, 3 fixed counters 10737418240 ms ovfl timer
[   21.758069] hw unit of domain pp0-core 2^-0 Joules
[   21.766000] hw unit of domain package 2^-0 Joules
[   21.769930] hw unit of domain pp1-gpu 2^-0 Joules
[   21.771537] platform rtc_cmos: registered platform RTC device (no PNP device found)
[   21.774743] Scanning for low memory corruption every 60 seconds
[   21.776858] audit: initializing netlink subsys (disabled)
[   21.782635] audit: type=2000 audit(1521844094.468:1): initialized
[   21.800351] Initialise system trusted keyring
[   21.803041] HugeTLB registered 2 MB page size, pre-allocated 0 pages
[   21.808331] zbud: loaded
[   21.811772] VFS: Disk quotas dquot_6.6.0
[   21.825412] VFS: Dquot-cache hash table entries: 512 (order 0, 4096 bytes)
[   21.828656] squashfs: version 4.0 (2009/01/31) Phillip Lougher
[   21.830475] fuse init (API version 7.23)
[   21.836443] Key type big_key registered
[   21.843503] Allocating IMA MOK and blacklist keyrings.
[   21.846378] Key type asymmetric registered
[   21.852319] Asymmetric key parser 'x509' registered
[   21.855551] Block layer SCSI generic (bsg) driver version 0.4 loaded (major 249)
[   21.868209] io scheduler noop registered
[   21.909102] io scheduler deadline registered (default)
[   21.922709] io scheduler cfq registered
[   21.935701] pci_hotplug: PCI Hot Plug PCI Core version: 0.5
[   21.969158] pciehp: PCI Express Hot Plug Controller Driver version: 0.4
[   21.985212] ACPI: AC Adapter [AC] (off-line)
[   21.996514] input: Power Button as /devices/LNXSYSTM:00/LNXPWRBN:00/input/input0
[   22.018809] ACPI: Power Button [PWRF]
[   22.078306] input: Sleep Button as /devices/LNXSYSTM:00/LNXSLPBN:00/input/input1
[   22.086542] ACPI: Sleep Button [SLPF]
[   22.095074] GHES: HEST is not enabled!
[   22.096190] ACPI: Battery Slot [BAT0] (battery present)
[   22.108580] Serial: 8250/16550 driver, 32 ports, IRQ sharing enabled
[   22.138174] 00:02: ttyS0 at I/O 0x3f8 (irq = 4, base_baud = 115200) is a 16550A
[   22.160578] Linux agpgart interface v0.103
[   22.179027] loop: module loaded
[   22.191152] scsi host0: ata_piix
[   22.205453] scsi host1: ata_piix
[   22.219403] ata1: PATA max UDMA/33 cmd 0x1f0 ctl 0x3f6 bmdma 0xd000 irq 14
[   22.229014] ata2: PATA max UDMA/33 cmd 0x170 ctl 0x376 bmdma 0xd008 irq 15
[   22.231852] libphy: Fixed MDIO Bus: probed
[   22.240868] tun: Universal TUN/TAP device driver, 1.6
[   22.244434] tun: (C) 1999-2004 Max Krasnyansky <maxk@qualcomm.com>
[   22.250192] PPP generic driver version 2.4.2
[   22.262911] ehci_hcd: USB 2.0 'Enhanced' Host Controller (EHCI) Driver
[   22.281465] ehci-pci: EHCI PCI platform driver
[   22.308556] ehci-platform: EHCI generic platform driver
[   22.325343] ohci_hcd: USB 1.1 'Open' Host Controller (OHCI) Driver
[   22.326840] ohci-pci: OHCI PCI platform driver
[   22.333647] ohci-platform: OHCI generic platform driver
[   22.335749] uhci_hcd: USB Universal Host Controller Interface driver
[   22.365995] i8042: PNP: PS/2 Controller [PNP0303:PS2K,PNP0f03:PS2M] at 0x60,0x64 irq 1,12
[   22.379164] serio: i8042 KBD port at 0x60,0x64 irq 1
[   22.413874] serio: i8042 AUX port at 0x60,0x64 irq 12
[   22.415461] mousedev: PS/2 mouse device common for all mice
[   22.420481] input: AT Translated Set 2 keyboard as /devices/platform/i8042/serio0/input/input2
[   22.441031] rtc_cmos rtc_cmos: rtc core: registered rtc_cmos as rtc0
[   22.445054] rtc_cmos rtc_cmos: alarms up to one day, 114 bytes nvram
[   2.4669 i /ev etries driver

[   22.7752 devic-mpp: evt: version 1.0.3
[  2.769 t: fid C ocksourc cibatio 29.8 z
[   22.77069] ocoue:scma: fffffffff x_cycles0x33fc9e0e max_idle_ns: 440795283720 ns
[   24.567911] device-mapper: ioctl: 4.34.0-ioctl (2015-10-28) initialised: dm-devel@redhat.com
[   24.580946] ledtrig-cpu: registered to indicate activity on CPUs
[   24.629904] NET: Registered protocol family 10
[   24.669219] NET: Registered prottcol family 17
[   24.683614] Key type dns_resolver registered
[   24.699991] microcode: CPU0 sig=0x206a7, pf=0x10, revision=0x0
[   24.739166] microcode: CPU1 sig=0x206a7, pf=0x10, revision=0x0
[   24.745120] microcode: MicrocodeUpteDrve: .0<gran@aivazian.fsnet.co.uk>, Peter Oruba

[   5.905]registered tasksat vsin 1
[   2538884] Loading compiledin.509ceifcas  25.68409 LdeX.9 rtBud meutenrad erne ky:a80198fbd529c158b537d36948

[   26.512]swp:oad in pl o/bud
[   27.360787] Key type trusted registered
[   27.394563] Key type encrypted registered
[   27.399238] AppArmor: AppArmor sha1 policy hashing enabled
[   27.400585] ima: No TPM chip found, activating TPM-bypass!
[   27.406962] evm: HMAC attrs: 0x1
[   27.408525]   Magic number: 10:969:502
[   27.450500] rtc_cmos rtc_cmos: setting system clock to 2018-03-23 22:28:30 UTC (1521844110)
[   27.501448] BIOS EDD facility v0.16 2004-Jun-25, 0 devices found
[   27.523941] EDD information not available.
[   27.526750] Freeing unused kernel memory: 1508K
[   28.592731] Write protecting the kernel read-only data: 14336k
[   28.678710] Freeing unused kernel memory: 1700K
[   28.691357] Freeing unused kernel memory: 104K
Loading, please wait...
starting version 229
[   28.743871] random: systemd-udevd: uninitialized urandom read (16 bytes read, 5 bits of entropy available)
[   28.745583] random: udevadm: uninitialized urandom read (16 bytes read, 5 bits of entropy available)
[   28.745676] random: udevadm: uninitialized urandom read (16 bytes read, 5 bits of entropy available)
[   28.773959] random: udevadm: uninitialized urandom read (16 bytes read, 5 bits of entropy available)
[   28.774423] random: udevadm: uninitialized urandom read (16 bytes read, 5 bits of entropy available)
[   28.775493] random: udevadm: uninitialized urandom read (16 bytes read, 5 bits of entropy available)
[   28.775893] random: udevadm: uninitialized urandom read (16 bytes read, 5 bits of entropy available)
[   28.776052] random: udevadm: uninitialized urandom read (16 bytes read, 5 bits of entropy available)
[   28.776187] random: udevadm: uninitialized urandom read (16 bytes read, 5 bits of entropy available)
[   28.776322] random: udevadm: uninitialized urandom read (16 bytes read, 5 bits of entropy available)
[   29.316271] e1000: Intel(R) PRO/1000 Network Driver - version 7.3.21-k8-NAPI
[   29.340135] e1000: Copyright (c) 1999-2006 Intel Corporation.
[   29.349532] Fusion MPT base driver 3.04.20
[   29.396329] Copyright (c) 1999-2008 LSI Corporation
[   29.450618] Fusion MPT SPI Host driver 3.04.20
[   29.509494] AVX version of gcm_enc/dec engaged.
[   29.521517] AES CTR mode by8 optimization enabled
[   29.630076] input: ImExPS/2 Generic Explorer Mouse as /devices/platform/i8042/serio1/input/input4
[   29.833136] e1000 0000:00:03.0 eth0: (PCI:33MHz:32-bit) 02:ec:c5:86:c8:d5
[   29.865357] e1000 0000:00:03.0 eth0: Intel(R) PRO/1000 Network Connection
[   29.914568] e1000 0000:00:03.0 enp0s3: renamed from eth0
[   29.948872] mptbase: ioc0: Initiating bringup
[   30.476174] ioc0: LSI53C1030 A0: Capabilities={Initiator}
[   32.282003] scsi host2: ioc0: LSI53C1030 A0, FwRev=00000000h, Ports=1, MaxQ=256, IRQ=20
[   32.348711] floppy0: no floppy controllers found
[   32.464205] scsi 2:0:0:0: Direct-Access     VBOX     HARDDISK         1.0  PQ: 0 ANSI: 5
[   32.520482] scsi target2:0:0: Beginning Domain Validation
[   32.532551] scsi target2:0:0: Domain Validation skipping write tests
[   32.555234] scsi target2:0:0: Ending Domain Validation
[   32.610885] scsi target2:0:0: asynchronous
[   32.649195] scsi 2:0:1:0: Direct-Access     VBOX     HARDDISK         1.0  PQ: 0 ANSI: 5
[   33.485749] scsi target2:0:1: Beginning Domain Validation
[   33.492646] scsi target2:0:1: Domain Validation skipping write tests
[   33.494238] scsi target2:0:1: Ending Domain Validation
[   33.981538] scsi target2:0:1: asynchronous
[   34.493611] sd 2:0:0:0: Attached scsi generic sg0 type 0
[   34.496038] sd 2:0:0:0: [sda] 20971520 512-byte logical blocks: (10.7 GB/10.0 GiB)
[   34.598189] sd 2:0:0:0: [sda] Write Protect is off
[   34.602730] sd 2:0:1:0: Attached scsi generic sg1 type 0
[   34.602731] sd 2:0:0:0: [sda] Incomplete mode parameter data
[   34.602734] sd 2:0:0:0: [sda] Assuming drive cache: write through
[   34.634123] sd 2:0:1:0: [sdb] 20480 512-byte logical blocks: (10.5 MB/10.0 MiB)
[   34.634442] sd 2:0:1:0: [sdb] Write Protect is off
[   34.634561] sd 2:0:1:0: [sdb] Incomplete mode parameter data
[   34.634563] sd 2:0:1:0: [sdb] Assuming drive cache: write through
[   34.729133]  sda: sda1
[   34.774462] sd 2:0:0:0: [sda] Attached SCSI disk
[   35.543185] sd 2:0:1:0: [sdb] Attached SCSI disk
Begin: Loading essential drivers ... [   37.249915] md: linear personality registered for level -1
[   37.255729] md: multipath personality registered for level -4
[   37.267927] md: raid0 personality registered for level 0
[   37.275951] md: raid1 personality registered for level 1
[   37.405751] raid6: sse2x1   gen()  8458 MB/s
[   37.478099] raid6: sse2x1   xor()  5587 MB/s
[   37.597864] raid6: sse2x2   gen()  6049 MB/s
[   37.693784] raid6: sse2x2   xor()  3819 MB/s
[   37.822085] raid6: sse2x4   gen() 12108 MB/s
[   37.930076] raid6: sse2x4   xor()  9289 MB/s
[   37.983671] raid6: using algorithm sse2x4 gen() 12108 MB/s
[   38.035298] raid6: .... xor() 9289 MB/s, rmw enabled
[   38.076272] raid6: using ssse3x2 recovery algorithm
[   38.100155] xor: automatically using best checksumming function:
[   38.194680]    avx       :  7163.000 MB/sec
[   38.202318] async_tx: api initialized (async)
[   38.244405] md: raid6 personality registered for level 6
[   38.281894] md: raid5 personality registered for level 5
[   38.283676] md: raid4 personality registered for level 4
[   38.306516] md: raid10 personality registered for level 10
done.
Begin: Running /scripts/init-premount ... done.
Begin: Mounting root fil[   38.381200] Btrfs loaded
e system ... Begin: Running /scripts/local-top ... done.
Begin: Running /scripts/local-premount ... Scanning for Btrfs filesystems
done.
Warning: fsck not present, so skipping root file system
[   38.619834] EXT4-fs (sda1): mounted filesystem with ordered data mode. Opts: (null)
done.
Begin: Running /scripts/local-bottom ... done.
Begin: Running /scripts/init-bottom ... done.
[   39.086359] random: nonblocking pool is initialized
[   39.860312] systemd[1]: systemd 229 running in system mode. (+PAM +AUDIT +SELINUX +IMA +APPARMOR +SMACK +SYSVINIT +UTMP +LIBCRYPTSETUP +GCRYPT +GNUTLS +ACL +XZ -LZ4 +SECCOMP +BLKID +ELFUTILS +KMOD -IDN)
[   39.944299] systemd[1]: Detected virtualization oracle.
[   39.964412] systemd[1]: Detected architecture x86-64.

Welcome to [1mUbuntu 16.04.4 LTS[0m!

[   40.073604] systemd[1]: Set hostname to <ubuntu>.
[   40.122757] systemd[1]: Initializing machine ID from random generator.
[   40.132099] systemd[1]: Installed transient /etc/machine-id file.
[   41.886752] systemd[1]: Started Trigger resolvconf update for networkd DNS.
[[0;32m  OK  [0m] Started Trigger resolvconf update for networkd DNS.
[   41.979607] systemd[1]: Created slice System Slice.
[[0;32m  OK  [0m] Created slice System Slice.
[   42.010462] systemd[1]: Listening on Journal Socket (/dev/log).
[[0;32m  OK  [0m] Listening on Journal Socket (/dev/log).
[   42.115301] systemd[1]: Listening on Journal Audit Socket.
[[0;32m  OK  [0m] Listening on Journal Audit Socket.
[   42.172204] systemd[1]: Listening on LVM2 poll daemon socket.
[[0;32m  OK  [0m] Listening on LVM2 poll daemon socket.
[   42.215499] systemd[1]: Created slice User and Session Slice.
[[0;32m  OK  [0m] Created slice User and Session Slice.
[   42.266455] systemd[1]: Reached target Swap.
[[0;32m  OK  [0m] Reached target Swap.
[   42.274792] systemd[1]: Created slice system-serial\x2dgetty.slice.
[[0;32m  OK  [0m] Created slice system-serial\x2dgetty.slice.
[   42.341448] systemd[1]: Listening on Device-mapper event daemon FIFOs.
[[0;32m  OK  [0m] Listening on Device-mapper event daemon FIFOs.
[   42.377867] systemd[1]: Reached target Encrypted Volumes.
[[0;32m  OK  [0m] Reached target Encrypted Volumes.
[   42.427898] systemd[1]: Listening on Syslog Socket.
[[0;32m  OK  [0m] Listening on Syslog Socket.
[   42.452524] systemd[1]: Listening on udev Control Socket.
[[0;32m  OK  [0m] Listening on udev Control Socket.
[   42.490806] systemd[1]: Reached target User and Group Name Lookups.
[[0;32m  OK  [0m] Reached target User and Group Name Lookups.
[   42.558624] systemd[1]: Set up automount Arbitrary Executable File Formats File System Automount Point.
[[0;32m  OK  [0m] Set up automount Arbitrary Executab...ats File System Automount Point.
[   42.614650] systemd[1]: Listening on udev Kernel Socket.
[[0;32m  OK  [0m] Listening on udev Kernel Socket.
[   42.632527] systemd[1]: Listening on Journal Socket.
[[0;32m  OK  [0m] Listening on Journal Socket.
[   42.694680] systemd[1]: Mounting Debug File System...
         Mounting Debug File System...
[   42.882469] systemd[1]: Starting Load Kernel Modules...
         Starting Load Kernel Modules...
[   42.982407] systemd[1]: Mounting POSIX Message Queue File System...
         Mounting POSIX Message Queue File System...
[   43.058795] systemd[1]: Starting Set console keymap...
         Starting Set console keymap...
[   43.231700] Loading iSCSI transport class v2.0-870.
[   43.439132] systemd[1]: Starting Journal Service...
         Starting Journal Service...
[   43.470918] systemd[1]: Starting Uncomplicated firewall...
         Starting Uncomplicated firewall...
[   43.546165] systemd[1]: Starting Create list of required static device nodes for the current kernel...
         Starting Create list of required st... nodes for the current kernel...
[   43.587230] systemd[1]: Listening on LVM2 metadata daemon socket.
[[0;32m  OK  [0m] Listening on LVM2 metadata daemon socket.
[   43.698325] systemd[1]: Starting Nameserver information manager...
         Starting Nameserver information manager...
[   43.751393] systemd[1]: Started Forward Password Requests to Wall Directory Watch.
[[0;32m  OK  [0m] Started Forward Password Requests to Wall Directory Watch.
[   43.814178] systemd[1]: Mounting Huge Pages File System...
         Mounting Huge Pages File System...
[   43.821072] systemd[1]: Starting Monitoring of LVM2 mirrors, snapshots etc. using dmeventd or progress polling...
[   43.875148] iscsi: registered transport (tcp)
         Starting Monitoring of LVM2 mirrors... dmeventd or progress polling...
[   43.891750] systemd[1]: Reached target Slices.
[[0;32m  OK  [0m] Reached target Slices.
[   43.909986] systemd[1]: Listening on /dev/initctl Compatibility Named Pipe.
[[0;32m  OK  [0m] Listening on /dev/initctl Compatibility Named Pipe.
[   43.946097] systemd[1]: Starting Remount Root and Kernel File Systems...
         Starting Remount Root and Kernel File Systems...
[   43.974051] systemd[1]: Mounted Huge Pages File System.
[[0;32m  OK  [0m] Mounted Huge Pages File System.
[   44.012807] systemd[1]: Mounted POSIX Message Queue File System.
[[0;32m  OK  [0m] Mounted POSIX Message Queue File System.
[   44.065166] EXT4-fs (sda1): re-mounted. Opts: (null)
[   44.073303] systemd[1]: Mounted Debug File System.
[[0;32m  OK  [0m] Mounted Debug File System.
[   44.111671] systemd[1]: Started Set console keymap.
[[0;32m  OK  [0m] Started Set console keymap.
[   44.183895] systemd[1]: Started Uncomplicated firewall.
[[0;32m  OK  [0m] Started Uncomplicated firewall.
[   44.227377] systemd[1]: Started Create list of required static device nodes for the current kernel.
[[0;32m  OK  [0m] Started Create list of required sta...ce nodes for the current kernel.
[   44.321541] systemd[1]: Started Remount Root and Kernel File Systems.
[[0;32m  OK  [0m] Started Remount Root and Kernel File Systems.
[   44.351446] systemd[1]: Started Journal Service.
[[0;32m  OK  [0m] Started Journal Service.
         Starting Flush Journal to Persistent Storage...
         Starting Load/Save Random Seed...
[   44.682844] iscsi: registered transport (iser)
         Starting udev Coldplug all Devices...
         Starting Initial cloud-init job (pre-networking)...
         Starting Create Static Device Nodes in /dev...
[[0;32m  OK  [0m] Started Load Kernel Modules.
[[[;32m  OK  [0m] Started Nameserver information manager.
[[0;32m  OK  [0m] Started Load/Save Random Seed.
[   45.171959] systemd-journald[393]: Received request to flush runtime journal from PID 1
[[0;32m  OK  [0m] Started LVM2 metadata daemon.
         Mounting FUSE Control File System...
         Starting Apply Kernel Variables...
[[0;32m  OK  [0m] Mounted FUSE Control File System.
[[0;32m  OK  [0m] Started Flush Journal to Persistent Storage.
[[0;32m  OK  [0m] Started udev Coldplug all Devices.
[[0;32m  OK  [0m] Started Apply Kernel Variables.
[[0;32m  OK  [0m] Started Monitoring of LVM2 mirrors,...ng dmeventd or progress polling.
[[0;32m  OK  [0m] Started Create Static Device Nodes in /dev.
         Starting udev Kernel Device Manager...
[[0;32m  OK  [0m] Started udev Kernel Device Manager.
[[0;32m  OK  [0m] Reached target Local File Systems (Pre).
[[0;32m  OK  [0m] Reached target Local File Systems.
         Starting Create Volatile Files and Directories...
         Starting Tell Plymouth To Write Out Runtime Data...
         Starting LSB: AppArmor initialization...
         Starting Commit a transient machine-id on disk...
         Starting Set console font and keymap...
[[0;32m  OK  [0m] Started Dispatch Password Requests to Console Directory Watch.
[[0;32m  OK  [0m] Started Create Volatile Files and Directories.
[[0;32m  OK  [0m] Started Tell Plymouth To Write Out Runtime Data.
[[0;32m  OK  [0m] Started Commit a transient machine-id on disk.
[[0;32m  OK  [0m] Reached target System Time Synchronized.
         Starting Update UTMP about System Boot/Shutdown...
[[0;32m  OK  [0m] Started Update UTMP about System Boot/Shutdown.
[[0;32m  OK  [0m] Found device /dev/ttyS0.
[[0;32m  OK  [0m] Started Set console font and keymap.
[[0;32m  OK  [0m] Created slice system-getty.slice.
[[0;32m  OK  [0m] Listening on Load/Save RF Kill Switch Status /dev/rfkill Watch.
[[0;32m  OK  [0m] Started LSB: AppArmor initialization.
[   36.361174] cloud-init[444]: Cloud-init v. 17.2 running 'init-local' at Fri, 23 Mar 2018 22:28:55 +0000. Up 35.21 seconds.
[[0;32m  OK  [0m] Started Initial cloud-init job (pre-networking).
[[0;32m  OK  [0m] Reached target Network (Pre).
         Starting Raise network interfaces...
[[0;32m  OK  [0m] Started Raise network interfaces.
         Starting Initial cloud-init job (metadata service crawler)...
[[0;32m  OK  [0m] Reached target Network.
[   41.544738] cloud-init[953]: Cloud-init v. 17.2 running 'init' at Fri, 23 Mar 2018 22:28:58 +0000. Up 37.95 seconds.
[   41.553637] cloud-init[953]: ci-info: +++++++++++++++++++++++++++++++++++++Net device info++++++++++++++++++++++++++++++++++++++
[   41.608697] cloud-init[953]: ci-info: +--------+------+----------------------------+---------------+-------+-------------------+
[[0;32m  OK  [0m] Started Initial cloud-init job (metadata service crawler).
[   41.677635] cloud-init[953]: ci-info: | Device |  Up  |          Address           |      Mask     | Scope |     Hw-Address    |
[   41.805074] [cloud-init[0;32m  OK  [0m[953]: ] ci-info: +--------+------+----------------------------+---------------+-------+-------------------+Reached target Network is Online.

[   41.806703] cloud-init[953]: ci-info: | enp0s3 | True |         10.0.2.15          | 255.255.255.0 |   .   | 02:ec:c5:86:c8:d5 |
         Starting iSCSI initiator daemon (iscsid)...
[[0;32m  OK  [0m] Reached target Cloud-config availability.
[[0;32m  OK  [0m] Reached target System Initialization.
[   42.039957] cloud-init[953]: ci-info: | enp0s3 | True | fe80::ec:c5ff:fe86:c8d5/64 |       .       |  link | 02:ec:c5:86:c8:d5 |
[   42.118074] [[0;32m  OK  [0m] Started Daily Cleanup of Temporary Directories.
cloud-init[953]: ci-info: |   lo   | True |         127.0.0.1          |   255.0.0.0   |   .   |         .         |
[   42.318412] [[0;32m  OK  [0m] Started ACPI Events Check.
cloud-init[953]: ci-info: |   lo   | True |          ::1/128           |       .       |  host |         .         |
[   42.388645] [cloud-init[0;32m  OK  [0m[953]: ] ci-info: +--------+------+----------------------------+---------------+-------+-------------------+Reached target Paths.

[   42.409102] [cloud-init[0;32m  OK  [0m[953]: ] ci-info: +++++++++++++++++++++++++++Route IPv4 info++++++++++++++++++++++++++++Listening on D-Bus System Message Bus Socket.

[   42.409949] [[0;32m  OK  [0m] Listening on UUID daemon activation socket.
cloud-init[953]: ci-info: +-------+-------------+----------+---------------+-----------+-------+
         Starting LXD - unix socket.
[[0;32m  OK  [0m] Listening on ACPID Listen Socket.
[   42.527171] cloud-init[953]: ci-info: | Route | Destination | Gateway  |    Genmask    | Interface | Flags |
[[0;32m  OK  [0m] Started Daily apt download activities.
[   42.579735] [[0;32m  OK  [0m] Started Daily apt upgrade and clean activities.
cloud-init[953]: ci-info: +-------+-------------+----------+---------------+-----------+-------+
[   42.769197]          cloud-initStarting Socket activation for snappy daemon.[953]: 
ci-info: |   0   |   0.0.0.0   | 10.0.2.2 |    0.0.0.0    |   enp0s3  |   UG  |
[   42.784399] [[0;32m  OK  [0m] Started Timer to automatically refresh installed snaps.
[[0;32m  OK  [0m] Reached target Timers.
cloud-init[953]: ci-info: |   1   |   10.0.2.0  | 0.0.0.0  | 255.255.255.0 |   enp0s3  |   U   |
[   42.839798] cloud-init[953]: ci-info: +-------+-------------+----------+---------------+-----------+-------+
[   42.840836] cloud-init[953]: Generating public/private rsa key pair.
[   42.841016] cloud-init[953]: Your identification has been saved in /etc/ssh/ssh_host_rsa_key.
[   42.841167] cloud-init[953]: Your public key has been saved in /etc/ssh/ssh_host_rsa_key.pub.
[   42.841348] cloud-init[953]: The key fingerprint is:
[[0;32m  OK  [0m] Listening on LXD - unix socket.
[[0;32m  OK  [0m] Listening on Socket activation for snappy daemon.
[[0;32m  OK  [0m] Started iSCSI initiator daemon (iscsid).
[   42.842320] cloud-init[953]: SHA256:lmXqTT+zME45SICoihdn+qJ8wwxzFw9VEeBBkLV0tA4 root@ubuntu-xenial
         Starting Login to default iSCSI targets...
[   43.133618] [[0;32m  OK  [0m] Reached target Sockets.
cloud-init[953]: The key's randomart image is:
[   43.241615] [[0;32m  OK  [0m] Reached target Basic System.
cloud-init[953]: +---[RSA 2048]----+
         [   43.304659] cloud-init[953]: |     .=*+*o      |
[   43.305164] cloud-init[953]: |   . oo.+ .      |
[   43.305604] cloud-init[953]: |  . . oE .o      |
[   43.306294] cloud-init[953]: | .   o .o=       |
[   43.307408] cloud-init[953]: |. . o + S..      |
[   43.307928] cloud-init[953]: |oo * . = + o     |
Starting LSB: Record successful boot for GRUB...
[   43.308979] cloud-init[953]: |o O .   o B +    |
[   43.437628] cloud-init[953]: |...*     o + +   |
[   43.458407] cloud-init[953]: |.o..o     . .    |
         Starting System Logging Service...
[   43.479930] cloud-init[953]: +----[SHA256]-----+
[   43.544555] cloud-init[953]: Generating public/private dsa key pair.
[   43.581110] [cloud-init[0;32m  OK  [0m[953]: ] Your identification has been saved in /etc/ssh/ssh_host_dsa_key.Started Deferred execution scheduler.

[   43.582797] cloud-init[953]: Your public key has been saved in /etc/ssh/ssh_host_dsa_key.pub.
[   43.702862] cloud-init[953]: The key fingerprint is:
         Starting Accounts Service...
[   43.705718] cloud-init[953]: SHA256:awx9wShweaAi3hHp+6gFyR/Fp5CZBdzFSbzBif7T0FI root@ubuntu-xenial
[   43.785212] cloud-init[953]: The key's randomart image is:
[   43.817006] [cloud-init[0;32m  OK  [0m[953]: ] +---[DSA 1024]----+Started ACPI event daemon.

[   43.818628] cloud-init[953]: |  .o=.X=o        |
[   43.865298] cloud-init[953]: |   oB*.B.E       |
[   43.886353] [[0;32m  OK  [0m] Started D-Bus System Message Bus.
cloud-init[953]: |. o*oo.o* o      |
[   43.903259] cloud-init[953]: |o.oo+.o* . .     |
[   43.945502] cloud-init[953]: | = o..o S .      |
[   43.977137] cloud-init[953]: |  o..  = +       |
[   44.026282] cloud-init[953]: |   oo   =        |
[   44.059992] cloud-init[953]: |  .. . .         |
[   44.071032] cloud-init[953]: | ..              |
[   44.087549] cloud-init[953]: +----[SHA256]-----+
[   44.104941] cloud-init[953]: Generating public/private ecdsa key pair.
[   44.133061] cloud-init[953]: Your identification has been saved in /etc/ssh/ssh_host_ecdsa_key.
[   44.211170] cloud-init[953]: Your public key has been saved in /etc/ssh/ssh_host_ecdsa_key.pub.
[   44.301614] cloud-init[953]: The key fingerprint is:
[   44.332545] cloud-init[953]: SHA256:SE6xXXy+ecckJr0rhGxPdavnLtX7SHxzhBecnyCE6jo root@ubuntu-xenial
[   44.364840] cloud-init[953]: The key's randomart image is:
[   44.389733] cloud-init[953]: +---[ECDSA 256]---+
         Starting Apply the settings specified in cloud-config...
[   44.415960] cloud-init[953]: |      .  .o.     |
[   44.468453] cloud-init[953]: |       + oo . . .|
         Starting Snappy daemon...
         Starting Login Service...
         Starting /etc/rc.local Compatibility...
[[0;32m  OK  [0m] Started FUSE filesystem for LXC.
[[0;32m  OK  [0m] Started Unattended Upgrades Shutdown.
[   44.493819] cloud-init[953]: |      + o  + o + |
[   44.640548] cloud-init[953]: |     + o    + *.*|
[   44.648602] cloud-init[953]: |      + S. . *.B*|
[   44.670098] cloud-init[953]: |       .  + =.o=+|
[   44.680165] cloud-init[953]: |      .  . + .=++|
         Starting Pollinate to seed the pseudo random number generator...
[   44.696329] cloud-init[953]: |     E      o+.=o|
[[0;32m  OK  [0m] Started Regular background program processing daemon.
[   44.735937] cloud-init[953]: |      .      .*oo|
         Starting LSB: MD monitoring daemon...
[   44.817166] cloud-init[953]: +----[SHA256]-----+
         Starting LXD - container startup/shutdown...
[[0;32m  OK  [0m] Started System Logging Service.
[[0;32m  OK  [0m] Started /etc/rc.local Compatibility.
[   44.911569] cloud-init[953]: Generating public/private ed25519 key pair.
[   45.024238] cloud-init[953]: Your identification has been saved in /etc/ssh/ssh_host_ed25519_key.
[   45.042643] cloud-init[953]: Your public key has been saved in /etc/ssh/ssh_host_ed25519_key.pub.
[   45.047876] cloud-init[953]: The key fingerprint is:
[   45.067325] cloud-init[953]: SHA256:93E3SiCJD8yhRlc8j9gUymWq5jwF74OcultSL1kZcT0 root@ubuntu-xenial
[   45.088583] cloud-init[953]: The key's randomart image is:
[   45.104382] cloud-init[953]: +--[ED25519 256]--+
[   45.149296] cloud-init[953]: |     . +o*o      |
[   45.173391] cloud-init[953]: |    . * X+.E     |
[   45.177315] cloud-init[953]: |     + X+o+..    |
[   45.212983]          cloud-initStarting Authenticate and Authorize Users to Run Privileged Tasks...[953]: 
|    . +.=o...    |
[[0;32m  OK  [0m] Started Login Service.
[   45.296364] cloud-init[953]: |     + =S.. .....|
[   45.330080] cloud-init[953]: |    * O  . ..o...|
[   45.338252] cloud-init[953]: |   . @ +    ..   |
[   45.343514] cloud-init[953]: |    + o .        |
[   45.347462] cloud-init[953]: |   +o            |
[   45.360322] cloud-init[953]: +----[SHA256]-----+
[[0;32m  OK  [0m] Started LSB: Record successful boot for GRUB.
[[0;32m  OK  [0m] Started Login to default iSCSI targets.
[[0;32m  OK  [0m] Reached target Remote File Systems (Pre).
[[0;32m  OK  [0m] Reached target Remote File Systems.
         Starting LSB: automatic crash report generation...
         Starting LSB: VirtualBox Linux Additions...
         Starting Permit User Sessions...
         Starting LSB: daemon to balance interrupts for SMP systems...
         Starting LSB: Set the CPU Frequency Scaling governor to "ondemand"...
[[0;32m  OK  [0m] Started LSB: MD monitoring daemon.
[[0;32m  OK  [0m] Started Permit User Sessions.
         Starting Terminate Plymouth Boot Screen...
         Starting Hold until boot process finishes up...
[[0;32m  OK  [0m] Started LSB: Set the CPU Frequency Scaling governor to "ondemand".
[[0;32m  OK  [0m] Started Terminate Plymouth Boot Screen.
[[0;32m  OK  [0m] Started LSB: automatic crash report generation.
[[0;32m  OK  [0m] Started Hold until boot process finishes up.
[   46.339415] cloud-init[1081]: Generating locales (this might take a while)...
         Starting Set console scheme...
[[0;32m  OK  [0m] Started Serial Getty on ttyS0.
[[0;32m  OK  [0m] Started Getty on tty1.
[[0;32m  OK  [0m] Reached target Login Prompts.
[[0;32m  OK  [0m] Started Set console scheme.
[[0;32m  OK  [0m] Started LSB: daemon to balance interrupts for SMP systems.
[[0;32m  OK  [0m] Started Authenticate and Authorize Users to Run Privileged Tasks.
[[0;32m  OK  [0m] Started Accounts Service.
[[0;32m  OK  [0m] Started LSB: VirtualBox Linux Additions.
[   49.672273] cloud-init[1081]:   en_US.UTF-8... done
[   49.681739] cloud-init[1081]: Generation complete.
[[0;32m  OK  [0m] Started Snappy daemon.
[[0;32m  OK  [0m] Started Pollinate to seed the pseudo random number generator.
         Starting OpenBSD Secure Shell server...
[[0;32m  OK  [0m] Started OpenBSD Secure Shell server.

Ubuntu 16.04.4 LTS ubuntu-xenial ttyS0

ubuntu-xenial login: [   53.822740] cloud-init[1081]: Cloud-init v. 17.2 running 'modules:config' at Fri, 23 Mar 2018 22:29:05 +0000. Up 44.85 seconds.
ci-info: no authorized ssh keys fingerprints found for user ubuntu.
<14>Mar 23 22:29:15 ec2: 
<14>Mar 23 22:29:15 ec2: #############################################################
<14>Mar 23 22:29:15 ec2: -----BEGIN SSH HOST KEY FINGERPRINTS-----
<14>Mar 23 22:29:15 ec2: 1024 SHA256:awx9wShweaAi3hHp+6gFyR/Fp5CZBdzFSbzBif7T0FI root@ubuntu-xenial (DSA)
<14>Mar 23 22:29:15 ec2: 256 SHA256:SE6xXXy+ecckJr0rhGxPdavnLtX7SHxzhBecnyCE6jo root@ubuntu-xenial (ECDSA)
<14>Mar 23 22:29:15 ec2: 256 SHA256:93E3SiCJD8yhRlc8j9gUymWq5jwF74OcultSL1kZcT0 root@ubuntu-xenial (ED25519)
<14>Mar 23 22:29:15 ec2: 2048 SHA256:lmXqTT+zME45SICoihdn+qJ8wwxzFw9VEeBBkLV0tA4 root@ubuntu-xenial (RSA)
<14>Mar 23 22:29:15 ec2: -----END SSH HOST KEY FINGERPRINTS-----
<14>Mar 23 22:29:15 ec2: #############################################################
-----BEGIN SSH HOST KEY KEYS-----
ecdsa-sha2-nistp256 AAAAE2VjZHNhLXNoYTItbmlzdHAyNTYAAAAIbmlzdHAyNTYAAABBBMEUXWU5ZQxeHoY0P68LJ6QT9PYDe/4x6mQPyDhExPSXgUsZzr5EEGr5p52+EB1IG4HsvLFgMCj/1CG1NRPbLzY= root@ubuntu-xenial
ssh-ed25519 AAAAC3NzaC1lZDI1NTE5AAAAIPkU4L2gnB0vUMIisF8aN5ZcF1xbi5EhAW0C2IX/CDwj root@ubuntu-xenial
ssh-rsa AAAAB3NzaC1yc2EAAAADAQABAAABAQC0FysH3+XiHmrB6zOFSylvXzNGOHdDYsEj1LlFInTWbocRpDYqqLTY+sj10TwR/rD/x7fasUYte+wLUksXq/5fgDy/cOXq+XEw7j7z22ZagheUH9th6CrGBM+BdoUD4vrY7BPOST9rrAkI60FDvoOIwIrvhPEkOWsqFgK3hxNS/BlQRx+6RckU66UjMq+q2I4X03E2O8it4/1E2V9Kc9eNJUCaUSF7y358ZnPsFR1dSbJ+BzLSR+G8TdmpBYvrzPwa/U65M64/SIGswXcPHpPiAz5Bgj090c9GKGreqTAjSh5vufZmrMgQbf7D8JCkSIbnv1XWDa/8FHeE2OTZZD7Z root@ubuntu-xenial
-----END SSH HOST KEY KEYS-----
[   54.934429] cloud-init[1348]: Cloud-init v. 17.2 running 'modules:final' at Fri, 23 Mar 2018 22:29:14 +0000. Up 54.26 seconds.
[   54.934683] cloud-init[1348]: ci-info: no authorized ssh keys fingerprints found for user ubuntu.
[   54.934852] cloud-init[1348]: Cloud-init v. 17.2 finished at Fri, 23 Mar 2018 22:29:15 +0000. Datasource DataSourceNoCloud [seed=/dev/sdb][dsmode=net].  Up 54.91 seconds
[  816.304415] e1000 0000:00:03.0 enp0s3: Detected Tx Unit Hang
[  816.304415]   Tx Queue             <0>
[  816.304415]   TDH                  <c2>
[  816.304415]   TDT                  <c4>
[  816.304415]   next_to_use          <c4>
[  816.304415]   next_to_clean        <c2>
[  816.304415] buffer_info[next_to_clean]
[  816.304415]   time_stamp           <10001e498>
[  816.304415]   next_to_watch        <c3>
[  816.304415]   jiffies              <10001e76d>
[  816.304415]   next_to_watch.status <0>
[  818.307610] e1000 0000:00:03.0 enp0s3: Detected Tx Unit Hang
[  818.307610]   Tx Queue             <0>
[  818.307610]   TDH                  <c2>
[  818.307610]   TDT                  <c4>
[  818.307610]   next_to_use          <c4>
[  818.307610]   next_to_clean        <c2>
[  818.307610] buffer_info[next_to_clean]
[  818.307610]   time_stamp           <10001e498>
[  818.307610]   next_to_watch        <c3>
[  818.307610]   jiffies              <10001e962>
[  818.307610]   next_to_watch.status <0>
[  820.010500] e1000 0000:00:03.0 enp0s3: Reset adapter
[  OK  ] Closed Load/Save RF Kill Switch Status /dev/rfkill Watch.
         Stopping Session 4 of user vagrant.
         Stopping User Manager for UID 1000...
[  OK  ] Stopped target Timers.
[  OK  ] Stopped target Cloud-init target.
[  OK  ] Stopped target Graphical Interface.
         Stopping Accounts Service...
         Stopping Authenticate and Authorize Users to Run Privileged Tasks...
[  OK  ] Stopped Daily apt upgrade and clean activities.
[  OK  ] Stopped Daily apt download activities.
         Stopping ACPI event daemon...
[  OK  ] Stopped Timer ta         Stopping Getty on tty1...
         Stopping LSB: VirtualBox Linux Additions...
         Stopping Regular background program processing daemon...
         Stopping LXD - container startup/shutdown...
         Stopping FUSE filesystem for LXC...
         Stopping D-Bus System Message Bus...
[  OK  ] Stopped target Cloud-config availability.
[  OK  ] Stopped Daily Cleanup of Temporary Directories.
         Stopping Unattended Upgrades Shutdown...
[  OK  ] Unmounted /var/lib/lxcfs.
[  OK  ] Stopped System Logging Service.
[  OK  ] Stopped Deferred execution scheduler.
[  OK  ] Stopped Accounts Service.
[  OK  ] Stopped ACPI event daemon.
[  OK  ] Stopped Snappy daemon.
[  OK  ] Stopped Regular background program processing daemon.
[  OK  ] Stopped Authenticate and Authorize Users to Run Privileged Tasks.
[  OK  ] Stopped Serial Getty on ttyS0.
[  OK  ] Stopped Getty on tty1.
[  OK  ] Stopped OpenBSD Secure Shell server.
[  OK  ] Stopped User Manager for UID 1000.
[  OK  ] Stopped Session 4 of user vagrant.
[  OK  ] Stopped D-Bus System Message Bus.
[  OK  ] Stopped Unattended Upgrades Shutdown.
[  OK  ] Stopped FUSE filesystem for LXC.
[  OK  ] Stopped LXD - container startup/shutdown.
[  OK  ] Stopped LSB: Record successful boot for GRUB.
[  OK  ] Stopped LSB: automatic crash report generation.
[  OK  ] Stopped LSB: daemon to balance interrupts for SMP systems.
[  OK  ] Stopped LSB: MD monitoring daemon.
[  OK  ] Stopped LSB: Set the CPU Frequency Scaling governor to "ondemand".
[  OK  ] Stopped LSB: VirtualBox Linux Additions.
[  OK  ] Removed slice User Slice of vagrant.
         Stopping Login Service...
[  OK  ] Removed slice system-getty.slice.
[  OK  ] Removed slice system-serial\x2dgetty.slice.
[  OK  ] Stopped /etc/rc.local Compatibility.
         Stopping Permit User Sessions...
[  OK  ] Stopped Login Service.
[  OK  ] Stopped Permit User Sessions.
[  OK  ] Stopped target Remote File Systems.
[  OK  ] Stopped target Remote File Systems (Pre).
         Stopping Login to default iSCSI targets...
[  OK  ] Stopped target Basic System.
[  OK  ] Stopped target Slices.
[  OK  ] Stopped target Sockets.
[  OK  ] Closed LXD - unix socket.
[  OK  ] Closed UUID daemon activation socket.
[  OK  ] Closed Socket activation for snappy daemon.
[  OK  ] Closed Syslog Socket.
[  OK  ] Closed ACPID Listen Socket.
[  OK  ] Stopped target Paths.
[  OK  ] Stopped Forward Password Requests to Wall Directory Watch.
[[ OK  ] Stopped Dispatch Password Requests to Console Directory Watch.
[  OK  ] Stopped ACPI Events Check.
[  OK  ] Stopped target User and Group Name Lookups.
[  OK  ] Removed slice User and Session Slice.
[  OK  ] Closed D-Bus System Message Bus Socket.
[  OK  ] Stopped target System Initialization.
[  OK  ] Stopped target Swap.
         Stopping Load/Save Random Seed...
[  OK  ] Stopped Commit a transient machine-id on disk.
         Stopping Update UTMP about System Boot/Shutdown...
[  OK  ] Stopped target Encrypted Volumes.
[  OK  ] Stopped Load/Save Random Seed.
[  OK  ] Stopped Update UTMP about System Boot/Shutdown.
[  OK  ] Stopped Create Volatile Files and Directories.
[  OK  ] Stopped Login to default iSCSI targets.
         Stopping iSCSI initiator daemon (iscsid)...
[  OK  ] Stopped iSCSI initiator daemon (iscsid).
[  OK  ] Stopped target Network is Online.
[  OK  ] Stopped target Network.
[  OK  ] Stopped Initial cloud-init job (metadata service crawler).
         Stopping Raise network interfaces...
[  OK  ] Stopped Raise network interfaces.
[  OK  ] Stopped target Network (Pre).
[  OK  ] Stopped Initial cloud-init job (pre-networking).
[  OK  ] Stopped target Local File Systems.
         Unmounting /run/user/1000...
         Unmounting /vagrant...
[  OK  ] Stopped Apply Kernel Variables.
[  OK  ] Stopped Load Kernel Modules.
[  OK  ] Unmounted /run/user/1000.
[  OK  ] Unmounted /vagrant.
[  OK  ] Reached target Unmount All Filesystems.
[  OK  ] Stopped target Local File Systems (Pre).
[  OK  ] Stopped Create Static Device Nodes in /dev.
         Stopping Monitoring of LVM2 mirrors... dmeventd or progress polling...
[  OK  ] Stopped Remount Root and Kernel File Systems.
[  OK  ] Reached target Shutdown.
[  81.54] bo: wer own
